<?xml version="1.0" encoding="UTF-8"?>
<Site BuildName="Win32-mingw32-make"
	BuildStamp="20231029-0932-Experimental"
	Name="DESKTOP-272EMIA"
	Generator="ctest-3.27.6"
	CompilerName="C:/msys64/ucrt64/bin/g++.exe"
	CompilerVersion=""
	OSName="Windows"
	Hostname="DESKTOP-272EMIA"
	OSRelease=" Personal"
	OSVersion=" (Build 19045)"
	OSPlatform="AMD64"
	Is64Bits="1"
	VendorString="GenuineIntel"
	VendorID="Intel Corporation"
	FamilyID="6"
	ModelID="14"
	ProcessorCacheSize="-1"
	NumberOfLogicalCPU="4"
	NumberOfPhysicalCPU="2"
	TotalVirtualMemory="11789"
	TotalPhysicalMemory="8077"
	LogicalProcessorsPerPhysical="2"
	ProcessorClockFrequency="2712"
	>
	<Testing>
		<StartDateTime>Oct 29 19:09 Hora est[NON-UTF-8-BYTE-0xE1]ndar romance</StartDateTime>
		<StartTestTime>1698602940</StartTestTime>
		<TestList/>
		<EndDateTime>Oct 29 19:09 Hora est[NON-UTF-8-BYTE-0xE1]ndar romance</EndDateTime>
		<EndTestTime>1698602940</EndTestTime>
		<ElapsedMinutes>0</ElapsedMinutes>
	</Testing>
</Site>
