<?xml version="1.0" encoding="UTF-8"?>
<Site BuildName="Linux-g++"
	BuildStamp="20231102-0950-Experimental"
	Name="dza"
	Generator="ctest-3.27.7"
	CompilerName="/usr/bin/g++"
	CompilerVersion=""
	OSName="Linux"
	Hostname="dza"
	OSRelease="6.5.9-arch2-1"
	OSVersion="#1 SMP PREEMPT_DYNAMIC Thu, 26 Oct 2023 00:52:20 +0000"
	OSPlatform="x86_64"
	Is64Bits="1"
	VendorString="GenuineIntel"
	VendorID="Intel Corporation"
	FamilyID="6"
	ModelID="142"
	ProcessorCacheSize="3072"
	NumberOfLogicalCPU="4"
	NumberOfPhysicalCPU="2"
	TotalVirtualMemory="3915"
	TotalPhysicalMemory="7831"
	LogicalProcessorsPerPhysical="2"
	ProcessorClockFrequency="3100.01"
	>
	<Testing>
		<StartDateTime>Nov 02 10:50 CET</StartDateTime>
		<StartTestTime>1698918646</StartTestTime>
		<TestList/>
		<EndDateTime>Nov 02 10:50 CET</EndDateTime>
		<EndTestTime>1698918646</EndTestTime>
		<ElapsedMinutes>0</ElapsedMinutes>
	</Testing>
</Site>
